<?xml version="1.0" encoding="UTF-8"?>
<testng-results skipped="0" failed="0" ignored="0" total="2" passed="2">
  <reporter-output>
  </reporter-output>
  <suite name="All Suite" duration-ms="21474" started-at="2023-01-19T18:22:49Z" finished-at="2023-01-19T18:23:11Z">
    <groups>
    </groups>
    <test name="Google Test" duration-ms="15228" started-at="2023-01-19T18:22:49Z" finished-at="2023-01-19T18:23:04Z">
      <class name="a1_googleTest.A1_GoogleTest">
        <test-method status="PASS" signature="verifygooglepage()[pri:0, instance:a1_googleTest.A1_GoogleTest@1e127982]" name="verifygooglepage" duration-ms="15200" started-at="2023-01-19T23:52:49Z" finished-at="2023-01-19T23:53:04Z">
          <reporter-output>
          </reporter-output>
        </test-method> <!-- verifygooglepage -->
      </class> <!-- a1_googleTest.A1_GoogleTest -->
    </test> <!-- Google Test -->
    <test name="Bing Test" duration-ms="6229" started-at="2023-01-19T18:23:04Z" finished-at="2023-01-19T18:23:11Z">
      <class name="a2_bingTest.A1_BingTest">
        <test-method status="PASS" signature="verifygooglepage()[pri:0, instance:a2_bingTest.A1_BingTest@210366b4]" name="verifygooglepage" duration-ms="6226" started-at="2023-01-19T23:53:04Z" finished-at="2023-01-19T23:53:11Z">
          <reporter-output>
          </reporter-output>
        </test-method> <!-- verifygooglepage -->
      </class> <!-- a2_bingTest.A1_BingTest -->
    </test> <!-- Bing Test -->
  </suite> <!-- All Suite -->
</testng-results>
